<?xml version="1.0" encoding="UTF-8"?>
<testng-results ignored="0" total="2" passed="0" failed="0" skipped="2">
  <reporter-output>
  </reporter-output>
  <suite started-at="2021-06-21T21:10:29 IST" name="Default suite" finished-at="2021-06-21T21:10:29 IST" duration-ms="89">
    <groups>
    </groups>
    <test started-at="2021-06-21T21:10:29 IST" name="Default test" finished-at="2021-06-21T21:10:29 IST" duration-ms="89">
      <class name="classtest.classes.frameworkkite">
        <test-method is-config="true" signature="luanchbrowser(java.lang.String)[pri:0, instance:classtest.classes.frameworkkite@242b836]" started-at="2021-06-21T21:10:29 IST" name="luanchbrowser" finished-at="1970-01-01T05:30:00 IST" duration-ms="-1624290029472" status="FAIL">
          <exception class="org.testng.TestNGException">
            <message>
              <![CDATA[
Parameter 'browser' is required by BeforeTest on method luanchbrowser but has not been marked @Optional or defined
in C:\Users\SANDY\AppData\Local\Temp\testng-eclipse-525705567\testng-customsuite.xml]]>
            </message>
            <full-stacktrace>
              <![CDATA[org.testng.TestNGException: 
Parameter 'browser' is required by BeforeTest on method luanchbrowser but has not been marked @Optional or defined
in C:\Users\SANDY\AppData\Local\Temp\testng-eclipse-525705567\testng-customsuite.xml
at org.testng.internal.Parameters.createParams(Parameters.java:270)
at org.testng.internal.Parameters.createParametersForMethod(Parameters.java:358)
at org.testng.internal.Parameters.createParameters(Parameters.java:700)
at org.testng.internal.Parameters.createConfigurationParameters(Parameters.java:168)
at org.testng.internal.ConfigInvoker.invokeConfigurations(ConfigInvoker.java:302)
at org.testng.TestRunner.invokeTestConfigurations(TestRunner.java:637)
at org.testng.TestRunner.beforeRun(TestRunner.java:627)
at org.testng.TestRunner.run(TestRunner.java:589)
at org.testng.SuiteRunner.runTest(SuiteRunner.java:377)
at org.testng.SuiteRunner.runSequentially(SuiteRunner.java:371)
at org.testng.SuiteRunner.privateRun(SuiteRunner.java:332)
at org.testng.SuiteRunner.run(SuiteRunner.java:276)
at org.testng.SuiteRunnerWorker.runSuite(SuiteRunnerWorker.java:53)
at org.testng.SuiteRunnerWorker.run(SuiteRunnerWorker.java:96)
at org.testng.TestNG.runSuitesSequentially(TestNG.java:1212)
at org.testng.TestNG.runSuitesLocally(TestNG.java:1134)
at org.testng.TestNG.runSuites(TestNG.java:1063)
at org.testng.TestNG.run(TestNG.java:1031)
at org.testng.remote.AbstractRemoteTestNG.run(AbstractRemoteTestNG.java:115)
at org.testng.remote.RemoteTestNG.initAndRun(RemoteTestNG.java:251)
at org.testng.remote.RemoteTestNG.main(RemoteTestNG.java:77)
]]>
            </full-stacktrace>
          </exception> <!-- org.testng.TestNGException -->
          <reporter-output>
          </reporter-output>
        </test-method> <!-- luanchbrowser -->
        <test-method is-config="true" signature="kitelaunchLogin1()[pri:0, instance:classtest.classes.frameworkkite@242b836]" started-at="2021-06-21T21:10:29 IST" name="kitelaunchLogin1" finished-at="1970-01-01T05:30:00 IST" duration-ms="-1624290029513" status="SKIP">
          <reporter-output>
          </reporter-output>
        </test-method> <!-- kitelaunchLogin1 -->
        <test-method is-config="true" signature="KiteLoginpin()[pri:0, instance:classtest.classes.frameworkkite@242b836]" started-at="2021-06-21T21:10:29 IST" name="KiteLoginpin" finished-at="1970-01-01T05:30:00 IST" duration-ms="-1624290029528" status="SKIP">
          <reporter-output>
          </reporter-output>
        </test-method> <!-- KiteLoginpin -->
        <test-method signature="VerifyKiteLogin()[pri:1, instance:classtest.classes.frameworkkite@242b836]" started-at="2021-06-21T21:10:29 IST" name="VerifyKiteLogin" finished-at="2021-06-21T21:10:29 IST" duration-ms="0" status="SKIP">
          <exception class="org.testng.TestNGException">
            <message>
              <![CDATA[
Parameter 'browser' is required by BeforeTest on method luanchbrowser but has not been marked @Optional or defined
in C:\Users\SANDY\AppData\Local\Temp\testng-eclipse-525705567\testng-customsuite.xml]]>
            </message>
            <full-stacktrace>
              <![CDATA[org.testng.TestNGException: 
Parameter 'browser' is required by BeforeTest on method luanchbrowser but has not been marked @Optional or defined
in C:\Users\SANDY\AppData\Local\Temp\testng-eclipse-525705567\testng-customsuite.xml
at org.testng.internal.Parameters.createParams(Parameters.java:270)
at org.testng.internal.Parameters.createParametersForMethod(Parameters.java:358)
at org.testng.internal.Parameters.createParameters(Parameters.java:700)
at org.testng.internal.Parameters.createConfigurationParameters(Parameters.java:168)
at org.testng.internal.ConfigInvoker.invokeConfigurations(ConfigInvoker.java:302)
at org.testng.TestRunner.invokeTestConfigurations(TestRunner.java:637)
at org.testng.TestRunner.beforeRun(TestRunner.java:627)
at org.testng.TestRunner.run(TestRunner.java:589)
at org.testng.SuiteRunner.runTest(SuiteRunner.java:377)
at org.testng.SuiteRunner.runSequentially(SuiteRunner.java:371)
at org.testng.SuiteRunner.privateRun(SuiteRunner.java:332)
at org.testng.SuiteRunner.run(SuiteRunner.java:276)
at org.testng.SuiteRunnerWorker.runSuite(SuiteRunnerWorker.java:53)
at org.testng.SuiteRunnerWorker.run(SuiteRunnerWorker.java:96)
at org.testng.TestNG.runSuitesSequentially(TestNG.java:1212)
at org.testng.TestNG.runSuitesLocally(TestNG.java:1134)
at org.testng.TestNG.runSuites(TestNG.java:1063)
at org.testng.TestNG.run(TestNG.java:1031)
at org.testng.remote.AbstractRemoteTestNG.run(AbstractRemoteTestNG.java:115)
at org.testng.remote.RemoteTestNG.initAndRun(RemoteTestNG.java:251)
at org.testng.remote.RemoteTestNG.main(RemoteTestNG.java:77)
]]>
            </full-stacktrace>
          </exception> <!-- org.testng.TestNGException -->
          <reporter-output>
          </reporter-output>
        </test-method> <!-- VerifyKiteLogin -->
        <test-method is-config="true" signature="KiteLogout()[pri:0, instance:classtest.classes.frameworkkite@242b836]" started-at="2021-06-21T21:10:29 IST" name="KiteLogout" finished-at="1970-01-01T05:30:00 IST" duration-ms="-1624290029536" status="SKIP">
          <reporter-output>
          </reporter-output>
        </test-method> <!-- KiteLogout -->
        <test-method signature="VerifyKiteFund()[pri:2, instance:classtest.classes.frameworkkite@242b836]" started-at="2021-06-21T21:10:29 IST" name="VerifyKiteFund" finished-at="2021-06-21T21:10:29 IST" duration-ms="0" status="SKIP">
          <exception class="org.testng.TestNGException">
            <message>
              <![CDATA[
Parameter 'browser' is required by BeforeTest on method luanchbrowser but has not been marked @Optional or defined
in C:\Users\SANDY\AppData\Local\Temp\testng-eclipse-525705567\testng-customsuite.xml]]>
            </message>
            <full-stacktrace>
              <![CDATA[org.testng.TestNGException: 
Parameter 'browser' is required by BeforeTest on method luanchbrowser but has not been marked @Optional or defined
in C:\Users\SANDY\AppData\Local\Temp\testng-eclipse-525705567\testng-customsuite.xml
at org.testng.internal.Parameters.createParams(Parameters.java:270)
at org.testng.internal.Parameters.createParametersForMethod(Parameters.java:358)
at org.testng.internal.Parameters.createParameters(Parameters.java:700)
at org.testng.internal.Parameters.createConfigurationParameters(Parameters.java:168)
at org.testng.internal.ConfigInvoker.invokeConfigurations(ConfigInvoker.java:302)
at org.testng.TestRunner.invokeTestConfigurations(TestRunner.java:637)
at org.testng.TestRunner.beforeRun(TestRunner.java:627)
at org.testng.TestRunner.run(TestRunner.java:589)
at org.testng.SuiteRunner.runTest(SuiteRunner.java:377)
at org.testng.SuiteRunner.runSequentially(SuiteRunner.java:371)
at org.testng.SuiteRunner.privateRun(SuiteRunner.java:332)
at org.testng.SuiteRunner.run(SuiteRunner.java:276)
at org.testng.SuiteRunnerWorker.runSuite(SuiteRunnerWorker.java:53)
at org.testng.SuiteRunnerWorker.run(SuiteRunnerWorker.java:96)
at org.testng.TestNG.runSuitesSequentially(TestNG.java:1212)
at org.testng.TestNG.runSuitesLocally(TestNG.java:1134)
at org.testng.TestNG.runSuites(TestNG.java:1063)
at org.testng.TestNG.run(TestNG.java:1031)
at org.testng.remote.AbstractRemoteTestNG.run(AbstractRemoteTestNG.java:115)
at org.testng.remote.RemoteTestNG.initAndRun(RemoteTestNG.java:251)
at org.testng.remote.RemoteTestNG.main(RemoteTestNG.java:77)
]]>
            </full-stacktrace>
          </exception> <!-- org.testng.TestNGException -->
          <reporter-output>
          </reporter-output>
        </test-method> <!-- VerifyKiteFund -->
        <test-method is-config="true" signature="KiteLoginpin()[pri:0, instance:classtest.classes.frameworkkite@242b836]" started-at="2021-06-21T21:10:29 IST" name="KiteLoginpin" finished-at="1970-01-01T05:30:00 IST" duration-ms="-1624290029544" status="SKIP">
          <reporter-output>
          </reporter-output>
        </test-method> <!-- KiteLoginpin -->
        <test-method is-config="true" signature="KiteLogout()[pri:0, instance:classtest.classes.frameworkkite@242b836]" started-at="2021-06-21T21:10:29 IST" name="KiteLogout" finished-at="1970-01-01T05:30:00 IST" duration-ms="-1624290029548" status="SKIP">
          <reporter-output>
          </reporter-output>
        </test-method> <!-- KiteLogout -->
        <test-method is-config="true" signature="CloseKiteapp()[pri:0, instance:classtest.classes.frameworkkite@242b836]" started-at="2021-06-21T21:10:29 IST" name="CloseKiteapp" finished-at="1970-01-01T05:30:00 IST" duration-ms="-1624290029550" status="SKIP">
          <reporter-output>
          </reporter-output>
        </test-method> <!-- CloseKiteapp -->
        <test-method is-config="true" signature="QuitBrowser()[pri:0, instance:classtest.classes.frameworkkite@242b836]" started-at="2021-06-21T21:10:29 IST" name="QuitBrowser" finished-at="1970-01-01T05:30:00 IST" duration-ms="-1624290029552" status="SKIP">
          <reporter-output>
          </reporter-output>
        </test-method> <!-- QuitBrowser -->
      </class> <!-- classtest.classes.frameworkkite -->
    </test> <!-- Default test -->
  </suite> <!-- Default suite -->
</testng-results>
