<?xml version="1.0" encoding="UTF-8"?>
<!-- Generated by org.testng.reporters.JUnitXMLReporter -->
<testsuite ignored="0" hostname="LAPTOP-VQUCTUMT" failures="0" tests="2" name="Default test" time="0.089" errors="0" timestamp="2021-06-21T21:10:29 IST">
  <testcase classname="classtest.classes.frameworkkite" name="@BeforeTest luanchbrowser" time="-1.624290029472E9">
    <failure type="org.testng.TestNGException" message="
Parameter &amp;apos;browser&amp;apos; is required by BeforeTest on method luanchbrowser but has not been marked @Optional or defined
in C:\Users\SANDY\AppData\Local\Temp\testng-eclipse-525705567\testng-customsuite.xml">
      <![CDATA[org.testng.TestNGException: 
Parameter 'browser' is required by BeforeTest on method luanchbrowser but has not been marked @Optional or defined
in C:\Users\SANDY\AppData\Local\Temp\testng-eclipse-525705567\testng-customsuite.xml
at org.testng.internal.Parameters.createParams(Parameters.java:270)
at org.testng.internal.Parameters.createParametersForMethod(Parameters.java:358)
at org.testng.internal.Parameters.createParameters(Parameters.java:700)
at org.testng.internal.Parameters.createConfigurationParameters(Parameters.java:168)
at org.testng.internal.ConfigInvoker.invokeConfigurations(ConfigInvoker.java:302)
at org.testng.TestRunner.invokeTestConfigurations(TestRunner.java:637)
at org.testng.TestRunner.beforeRun(TestRunner.java:627)
at org.testng.TestRunner.run(TestRunner.java:589)
at org.testng.SuiteRunner.runTest(SuiteRunner.java:377)
at org.testng.SuiteRunner.runSequentially(SuiteRunner.java:371)
at org.testng.SuiteRunner.privateRun(SuiteRunner.java:332)
at org.testng.SuiteRunner.run(SuiteRunner.java:276)
at org.testng.SuiteRunnerWorker.runSuite(SuiteRunnerWorker.java:53)
at org.testng.SuiteRunnerWorker.run(SuiteRunnerWorker.java:96)
at org.testng.TestNG.runSuitesSequentially(TestNG.java:1212)
at org.testng.TestNG.runSuitesLocally(TestNG.java:1134)
at org.testng.TestNG.runSuites(TestNG.java:1063)
at org.testng.TestNG.run(TestNG.java:1031)
at org.testng.remote.AbstractRemoteTestNG.run(AbstractRemoteTestNG.java:115)
at org.testng.remote.RemoteTestNG.initAndRun(RemoteTestNG.java:251)
at org.testng.remote.RemoteTestNG.main(RemoteTestNG.java:77)
]]>
    </failure>
  </testcase> <!-- @BeforeTest luanchbrowser -->
  <testcase classname="classtest.classes.frameworkkite" name="@BeforeClass kitelaunchLogin1" time="-1.624290029513E9">
    <skipped/>
  </testcase> <!-- @BeforeClass kitelaunchLogin1 -->
  <testcase classname="classtest.classes.frameworkkite" name="@BeforeMethod KiteLoginpin" time="-1.624290029528E9">
    <skipped/>
  </testcase> <!-- @BeforeMethod KiteLoginpin -->
  <testcase classname="classtest.classes.frameworkkite" name="@AfterMethod KiteLogout" time="-1.624290029536E9">
    <skipped/>
  </testcase> <!-- @AfterMethod KiteLogout -->
  <testcase classname="classtest.classes.frameworkkite" name="@BeforeMethod KiteLoginpin" time="-1.624290029544E9">
    <skipped/>
  </testcase> <!-- @BeforeMethod KiteLoginpin -->
  <testcase classname="classtest.classes.frameworkkite" name="@AfterMethod KiteLogout" time="-1.624290029548E9">
    <skipped/>
  </testcase> <!-- @AfterMethod KiteLogout -->
  <testcase classname="classtest.classes.frameworkkite" name="@AfterClass CloseKiteapp" time="-1.62429002955E9">
    <skipped/>
  </testcase> <!-- @AfterClass CloseKiteapp -->
  <testcase classname="classtest.classes.frameworkkite" name="@AfterTest QuitBrowser" time="-1.624290029552E9">
    <skipped/>
  </testcase> <!-- @AfterTest QuitBrowser -->
  <testcase classname="classtest.classes.frameworkkite" name="VerifyKiteLogin" time="0.0">
    <skipped/>
  </testcase> <!-- VerifyKiteLogin -->
  <testcase classname="classtest.classes.frameworkkite" name="VerifyKiteFund" time="0.0">
    <skipped/>
  </testcase> <!-- VerifyKiteFund -->
</testsuite> <!-- Default test -->
