<?xml version="1.0" encoding="UTF-8"?>
<!-- Generated by org.testng.reporters.JUnitXMLReporter -->
<testsuite ignored="0" hostname="LAPTOP-VQUCTUMT" failures="0" tests="2" name="ChromeTest" time="0.653" errors="0" timestamp="2021-06-21T21:07:09 IST">
  <testcase classname="classtest.classes.frameworkkite" name="@BeforeTest luanchbrowser" time="0.491">
    <failure type="java.lang.IllegalStateException" message="The driver executable does not exist: C:\Users\SANDY\eclipse-workspace\Velocity\browsers\chromedriver.exe">
      <![CDATA[java.lang.IllegalStateException: The driver executable does not exist: C:\Users\SANDY\eclipse-workspace\Velocity\browsers\chromedriver.exe
at com.google.common.base.Preconditions.checkState(Preconditions.java:585)
at org.openqa.selenium.remote.service.DriverService.checkExecutable(DriverService.java:146)
at org.openqa.selenium.remote.service.DriverService.findExecutable(DriverService.java:141)
at org.openqa.selenium.chrome.ChromeDriverService.access$000(ChromeDriverService.java:35)
at org.openqa.selenium.chrome.ChromeDriverService$Builder.findDefaultExecutable(ChromeDriverService.java:159)
at org.openqa.selenium.remote.service.DriverService$Builder.build(DriverService.java:355)
at org.openqa.selenium.chrome.ChromeDriverService.createDefaultService(ChromeDriverService.java:94)
at org.openqa.selenium.chrome.ChromeDriver.<init>(ChromeDriver.java:123)
at testbrowsersetup.baseclass.openchromebrowser(baseclass.java:13)
at classtest.classes.frameworkkite.luanchbrowser(frameworkkite.java:53)
... Removed 24 stack frames]]>
    </failure>
  </testcase> <!-- @BeforeTest luanchbrowser -->
  <testcase classname="classtest.classes.frameworkkite" name="@BeforeClass kitelaunchLogin1" time="-1.624289829354E9">
    <skipped/>
  </testcase> <!-- @BeforeClass kitelaunchLogin1 -->
  <testcase classname="classtest.classes.frameworkkite" name="@BeforeMethod KiteLoginpin" time="-1.624289829374E9">
    <skipped/>
  </testcase> <!-- @BeforeMethod KiteLoginpin -->
  <testcase classname="classtest.classes.frameworkkite" name="@AfterMethod KiteLogout" time="-1.624289829399E9">
    <skipped/>
  </testcase> <!-- @AfterMethod KiteLogout -->
  <testcase classname="classtest.classes.frameworkkite" name="@BeforeMethod KiteLoginpin" time="-1.624289829411E9">
    <skipped/>
  </testcase> <!-- @BeforeMethod KiteLoginpin -->
  <testcase classname="classtest.classes.frameworkkite" name="@AfterMethod KiteLogout" time="-1.624289829428E9">
    <skipped/>
  </testcase> <!-- @AfterMethod KiteLogout -->
  <testcase classname="classtest.classes.frameworkkite" name="@AfterClass CloseKiteapp" time="-1.624289829441E9">
    <skipped/>
  </testcase> <!-- @AfterClass CloseKiteapp -->
  <testcase classname="classtest.classes.frameworkkite" name="@AfterTest QuitBrowser" time="-1.624289829444E9">
    <skipped/>
  </testcase> <!-- @AfterTest QuitBrowser -->
  <testcase classname="classtest.classes.frameworkkite" name="VerifyKiteLogin" time="0.0">
    <skipped/>
  </testcase> <!-- VerifyKiteLogin -->
  <testcase classname="classtest.classes.frameworkkite" name="VerifyKiteFund" time="0.0">
    <skipped/>
  </testcase> <!-- VerifyKiteFund -->
</testsuite> <!-- ChromeTest -->
