<?xml version="1.0" encoding="UTF-8"?>
<!-- Generated by org.testng.reporters.JUnitReportReporter -->
<testsuite hostname="LAPTOP-VQUCTUMT" failures="0" tests="3" name="messaging.flipkarttest2" time="2.964" errors="1" timestamp="2021-06-03T20:48:03 IST" skipped="2">
  <testcase classname="messaging.flipkarttest2" name="flipkartlaunch" time="2.964">
    <error message="session not created: This version of ChromeDriver only supports Chrome version 89
Current browser version is 91.0.4472.77 with binary path C:\Users\SANDY\AppData\Local\Google\Chrome\Application\chrome.exe
Build info: version: &#039;3.141.59&#039;, revision: &#039;e82be7d358&#039;, time: &#039;2018-11-14T08:17:03&#039;
System info: host: &#039;LAPTOP-VQUCTUMT&#039;, ip: &#039;192.168.0.104&#039;, os.name: &#039;Windows 10&#039;, os.arch: &#039;amd64&#039;, os.version: &#039;10.0&#039;, java.version: &#039;15.0.2&#039;
Driver info: driver.version: ChromeDriver
remote stacktrace: Backtrace:
	Ordinal0 [0x0002E7D3+124883]
	Ordinal0 [0x0002E7B1+124849]
	GetHandleVerifier [0x00278688+193832]
	GetHandleVerifier [0x00293AC5+305509]
	GetHandleVerifier [0x0029021B+291003]
	GetHandleVerifier [0x0028E0AC+282444]
	GetHandleVerifier [0x002B4A90+440624]
	GetHandleVerifier [0x002B47FC+439964]
	GetHandleVerifier [0x002B154B+426987]
	GetHandleVerifier [0x00294FFD+310941]
	GetHandleVerifier [0x00295D8E+314414]
	GetHandleVerifier [0x00295D19+314297]
	GetHandleVerifier [0x003531EC+1089676]
	GetHandleVerifier [0x003517C9+1082985]
	GetHandleVerifier [0x003513A3+1081923]
	GetHandleVerifier [0x0044D9FD+2115741]
	Ordinal0 [0x0017B82E+1488942]
	Ordinal0 [0x00115A7D+1071741]
	Ordinal0 [0x0011559B+1070491]
	Ordinal0 [0x001154B1+1070257]
	Ordinal0 [0x0014FF53+1310547]
	BaseThreadInitThunk [0x76C6FA29+25]
	RtlGetAppContainerNamedObjectPath [0x76F57A7E+286]
	RtlGetAppContainerNamedObjectPath [0x76F57A4E+238]
	(No symbol) [0x00000000]
" type="org.openqa.selenium.SessionNotCreatedException">
      <![CDATA[org.openqa.selenium.SessionNotCreatedException: session not created: This version of ChromeDriver only supports Chrome version 89
Current browser version is 91.0.4472.77 with binary path C:\Users\SANDY\AppData\Local\Google\Chrome\Application\chrome.exe
Build info: version: '3.141.59', revision: 'e82be7d358', time: '2018-11-14T08:17:03'
System info: host: 'LAPTOP-VQUCTUMT', ip: '192.168.0.104', os.name: 'Windows 10', os.arch: 'amd64', os.version: '10.0', java.version: '15.0.2'
Driver info: driver.version: ChromeDriver
remote stacktrace: Backtrace:
Ordinal0 [0x0002E7D3+124883]
Ordinal0 [0x0002E7B1+124849]
GetHandleVerifier [0x00278688+193832]
GetHandleVerifier [0x00293AC5+305509]
GetHandleVerifier [0x0029021B+291003]
GetHandleVerifier [0x0028E0AC+282444]
GetHandleVerifier [0x002B4A90+440624]
GetHandleVerifier [0x002B47FC+439964]
GetHandleVerifier [0x002B154B+426987]
GetHandleVerifier [0x00294FFD+310941]
GetHandleVerifier [0x00295D8E+314414]
GetHandleVerifier [0x00295D19+314297]
GetHandleVerifier [0x003531EC+1089676]
GetHandleVerifier [0x003517C9+1082985]
GetHandleVerifier [0x003513A3+1081923]
GetHandleVerifier [0x0044D9FD+2115741]
Ordinal0 [0x0017B82E+1488942]
Ordinal0 [0x00115A7D+1071741]
Ordinal0 [0x0011559B+1070491]
Ordinal0 [0x001154B1+1070257]
Ordinal0 [0x0014FF53+1310547]
BaseThreadInitThunk [0x76C6FA29+25]
RtlGetAppContainerNamedObjectPath [0x76F57A7E+286]
RtlGetAppContainerNamedObjectPath [0x76F57A4E+238]
(No symbol) [0x00000000]

at java.base/jdk.internal.reflect.NativeConstructorAccessorImpl.newInstance0(Native Method)
at java.base/jdk.internal.reflect.NativeConstructorAccessorImpl.newInstance(NativeConstructorAccessorImpl.java:64)
at java.base/jdk.internal.reflect.DelegatingConstructorAccessorImpl.newInstance(DelegatingConstructorAccessorImpl.java:45)
at java.base/java.lang.reflect.Constructor.newInstanceWithCaller(Constructor.java:500)
at java.base/java.lang.reflect.Constructor.newInstance(Constructor.java:481)
at org.openqa.selenium.remote.W3CHandshakeResponse.lambda$errorHandler$0(W3CHandshakeResponse.java:62)
at org.openqa.selenium.remote.HandshakeResponse.lambda$getResponseFunction$0(HandshakeResponse.java:30)
at org.openqa.selenium.remote.ProtocolHandshake.lambda$createSession$0(ProtocolHandshake.java:126)
at java.base/java.util.stream.ReferencePipeline$3$1.accept(ReferencePipeline.java:195)
at java.base/java.util.Spliterators$ArraySpliterator.tryAdvance(Spliterators.java:958)
at java.base/java.util.stream.ReferencePipeline.forEachWithCancel(ReferencePipeline.java:127)
at java.base/java.util.stream.AbstractPipeline.copyIntoWithCancel(AbstractPipeline.java:502)
at java.base/java.util.stream.AbstractPipeline.copyInto(AbstractPipeline.java:488)
at java.base/java.util.stream.AbstractPipeline.wrapAndCopyInto(AbstractPipeline.java:474)
at java.base/java.util.stream.FindOps$FindOp.evaluateSequential(FindOps.java:150)
at java.base/java.util.stream.AbstractPipeline.evaluate(AbstractPipeline.java:234)
at java.base/java.util.stream.ReferencePipeline.findFirst(ReferencePipeline.java:543)
at org.openqa.selenium.remote.ProtocolHandshake.createSession(ProtocolHandshake.java:128)
at org.openqa.selenium.remote.ProtocolHandshake.createSession(ProtocolHandshake.java:74)
at org.openqa.selenium.remote.HttpCommandExecutor.execute(HttpCommandExecutor.java:136)
at org.openqa.selenium.remote.service.DriverCommandExecutor.execute(DriverCommandExecutor.java:83)
at org.openqa.selenium.remote.RemoteWebDriver.execute(RemoteWebDriver.java:552)
at org.openqa.selenium.remote.RemoteWebDriver.startSession(RemoteWebDriver.java:213)
at org.openqa.selenium.remote.RemoteWebDriver.<init>(RemoteWebDriver.java:131)
at org.openqa.selenium.chrome.ChromeDriver.<init>(ChromeDriver.java:181)
at org.openqa.selenium.chrome.ChromeDriver.<init>(ChromeDriver.java:168)
at org.openqa.selenium.chrome.ChromeDriver.<init>(ChromeDriver.java:123)
at messaging.flipkarttest2.flipkartlaunch(flipkarttest2.java:24)
at java.base/jdk.internal.reflect.NativeMethodAccessorImpl.invoke0(Native Method)
at java.base/jdk.internal.reflect.NativeMethodAccessorImpl.invoke(NativeMethodAccessorImpl.java:64)
at java.base/jdk.internal.reflect.DelegatingMethodAccessorImpl.invoke(DelegatingMethodAccessorImpl.java:43)
at java.base/java.lang.reflect.Method.invoke(Method.java:564)
at org.testng.internal.MethodInvocationHelper.invokeMethod(MethodInvocationHelper.java:133)
at org.testng.internal.MethodInvocationHelper.invokeMethodConsideringTimeout(MethodInvocationHelper.java:62)
at org.testng.internal.ConfigInvoker.invokeConfigurationMethod(ConfigInvoker.java:385)
at org.testng.internal.ConfigInvoker.invokeConfigurations(ConfigInvoker.java:321)
at org.testng.internal.TestMethodWorker.invokeBeforeClassMethods(TestMethodWorker.java:176)
at org.testng.internal.TestMethodWorker.run(TestMethodWorker.java:122)
at java.base/java.util.ArrayList.forEach(ArrayList.java:1511)
at org.testng.TestRunner.privateRun(TestRunner.java:794)
at org.testng.TestRunner.run(TestRunner.java:596)
at org.testng.SuiteRunner.runTest(SuiteRunner.java:377)
at org.testng.SuiteRunner.runSequentially(SuiteRunner.java:371)
at org.testng.SuiteRunner.privateRun(SuiteRunner.java:332)
at org.testng.SuiteRunner.run(SuiteRunner.java:276)
at org.testng.SuiteRunnerWorker.runSuite(SuiteRunnerWorker.java:53)
at org.testng.SuiteRunnerWorker.run(SuiteRunnerWorker.java:96)
at org.testng.TestNG.runSuitesSequentially(TestNG.java:1212)
at org.testng.TestNG.runSuitesLocally(TestNG.java:1134)
at org.testng.TestNG.runSuites(TestNG.java:1063)
at org.testng.TestNG.run(TestNG.java:1031)
at org.testng.remote.AbstractRemoteTestNG.run(AbstractRemoteTestNG.java:115)
at org.testng.remote.RemoteTestNG.initAndRun(RemoteTestNG.java:251)
at org.testng.remote.RemoteTestNG.main(RemoteTestNG.java:77)
]]>
    </error>
  </testcase> <!-- flipkartlaunch -->
  <system-out/>
  <testcase classname="messaging.flipkarttest2" name="verifysearchbar" time="0.000">
    <skipped/>
  </testcase> <!-- verifysearchbar -->
  <system-out/>
  <testcase classname="messaging.flipkarttest2" name="verifyfashiontab" time="0.000">
    <skipped/>
  </testcase> <!-- verifyfashiontab -->
  <system-out/>
</testsuite> <!-- messaging.flipkarttest2 -->
